<?xml version="1.0" encoding="UTF-8"?>
<!-- Generated by org.testng.reporters.JUnitReportReporter -->
<testsuite hostname="LAPTOP-LUOM9UGK" failures="0" tests="1" name="testcases.TestCase_PendingLeaveRequest" time="6.312" errors="0" timestamp="2022-03-13T13:07:35 IST" skipped="0">
  <testcase classname="testcases.TestCase_PendingLeaveRequest" name="verifyPendingLeaveRequest" time="6.312"/>
  <system-out/>
</testsuite> <!-- testcases.TestCase_PendingLeaveRequest -->
