<?xml version="1.0" encoding="UTF-8"?>
<!-- Generated by org.testng.reporters.JUnitReportReporter -->
<testsuite hostname="LAPTOP-LUOM9UGK" failures="0" tests="1" name="testcases.Testcase_UserRole" time="3.749" errors="0" timestamp="2022-03-13T13:07:35 IST" skipped="0">
  <testcase classname="testcases.Testcase_UserRole" name="searchAndValidateUser" time="3.749"/>
  <system-out/>
</testsuite> <!-- testcases.Testcase_UserRole -->
